2017-02-14 16:55:55,420 News.getNewsFromCategory (30) INFO  parameters: startDate[01/01/2016], endDate[01/03/2017], limit[10], offset[0], category[4]
2017-02-14 16:55:55,420 DataBaseConnection.__construct (36) DEBUG DataBase connection successful
2017-02-14 16:55:55,420 Query.selectPostFromCategory (36) DEBUG parameters: startDate[01/01/2016], endDate[01/03/2017], limit[10], offset[0], category[4]
2017-02-14 16:55:55,420 Query.selectPostFromCategory (87) DEBUG SELECT   p.ID as id,   p.post_title as title,   p.post_author as id_author,   p.post_content as content,   p.post_date as date,   p.post_date_gmt as date_gmt,   p.post_status as status,   p.post_type as type,   p.post_name as name,   p.post_parent as id_parent,   p.guid as guid,   p.post_mime_type as mime_type,   p.post_modified as modified,   p.post_modified_gmt as modified_gmt,   ter.name as category FROM wp_posts p   INNER JOIN wp_term_relationships rel ON (p.ID = rel.object_id)   INNER JOIN wp_term_taxonomy tax ON tax.term_taxonomy_id = rel.term_taxonomy_id   INNER JOIN wp_terms ter ON ter.term_id = tax.term_id WHERE DATE(p.post_date) >= STR_TO_DATE(:startDate, '%d/%m/%Y')       AND DATE(p.post_date) <= STR_TO_DATE(:endDate, '%d/%m/%Y')       AND p.post_status = 'publish'     AND p.post_type = 'post'     AND ter.name = :category LIMIT :limit OFFSET :offset 
2017-02-14 16:55:55,421 Query.selectPostFromCategory (110) DEBUG Number of records found:[0]
2017-02-14 16:56:22,010 News.getNewsFromAuthor (88) INFO  parameters: startDate[01/01/2016], endDate[01/03/2017], limit[10], offset[0], idAuthor[4]
2017-02-14 16:56:22,011 DataBaseConnection.__construct (36) DEBUG DataBase connection successful
2017-02-14 16:56:22,011 Query.selectPostFromAuthor (186) DEBUG parameters: startDate[01/01/2016], endDate[01/03/2017], limit[10], offset[0], idAuthor[4]
2017-02-14 16:56:22,011 Query.selectPostFromAuthor (237) DEBUG SELECT   p.ID as id,   p.post_title as title,   p.post_author as id_author,   p.post_content as content,   p.post_date as date,   p.post_date_gmt as date_gmt,   p.post_status as status,   p.post_type as type,   p.post_name as name,   p.post_parent as id_parent,   p.guid as guid,   p.post_mime_type as mime_type,   p.post_modified as modified,   p.post_modified_gmt as modified_gmt,   ter.name as category FROM wp_posts p   INNER JOIN wp_term_relationships rel ON (p.ID = rel.object_id)   INNER JOIN wp_term_taxonomy tax ON tax.term_taxonomy_id = rel.term_taxonomy_id   INNER JOIN wp_terms ter ON ter.term_id = tax.term_id WHERE DATE(p.post_date) >= STR_TO_DATE(:startDate, '%d/%m/%Y')       AND DATE(p.post_date) <= STR_TO_DATE(:endDate, '%d/%m/%Y')       AND p.post_status = 'publish'     AND p.post_type = 'post'     AND p.post_author = :idAuthor LIMIT :limit OFFSET :offset 
2017-02-14 16:56:22,124 Query.selectPostFromAuthor (259) DEBUG Number of records found:[10]
2017-02-14 16:56:22,124 Query.selectPostMeta (152) DEBUG parameters: idPost[11365]
2017-02-14 16:56:22,124 Query.selectPostMeta (165) DEBUG SELECT   meta_id as id,   post_id as idPost,   meta_key,   meta_value as value FROM wp_postmeta WHERE post_id = :idPost  
2017-02-14 16:56:22,125 Query.selectPostMeta (180) DEBUG Number of records found:[23]
2017-02-14 16:56:22,125 Query.selectAuthor (116) DEBUG parameters: idAuthor[4]
2017-02-14 16:56:22,125 Query.selectAuthor (131) DEBUG SELECT   ID as id,   user_login as login,   user_nicename as nicename,   user_email as email,   display_name FROM wp_users WHERE ID = :idAuthor AND user_status = 0  
2017-02-14 16:56:22,126 Query.selectAuthor (146) DEBUG Number of records found:[1]
2017-02-14 16:56:22,126 Query.selectPostMeta (152) DEBUG parameters: idPost[11370]
2017-02-14 16:56:22,126 Query.selectPostMeta (165) DEBUG SELECT   meta_id as id,   post_id as idPost,   meta_key,   meta_value as value FROM wp_postmeta WHERE post_id = :idPost  
2017-02-14 16:56:22,126 Query.selectPostMeta (180) DEBUG Number of records found:[22]
2017-02-14 16:56:22,126 Query.selectAuthor (116) DEBUG parameters: idAuthor[4]
2017-02-14 16:56:22,126 Query.selectAuthor (131) DEBUG SELECT   ID as id,   user_login as login,   user_nicename as nicename,   user_email as email,   display_name FROM wp_users WHERE ID = :idAuthor AND user_status = 0  
2017-02-14 16:56:22,126 Query.selectAuthor (146) DEBUG Number of records found:[1]
2017-02-14 16:56:22,126 Query.selectPostMeta (152) DEBUG parameters: idPost[11374]
2017-02-14 16:56:22,126 Query.selectPostMeta (165) DEBUG SELECT   meta_id as id,   post_id as idPost,   meta_key,   meta_value as value FROM wp_postmeta WHERE post_id = :idPost  
2017-02-14 16:56:22,127 Query.selectPostMeta (180) DEBUG Number of records found:[22]
2017-02-14 16:56:22,127 Query.selectAuthor (116) DEBUG parameters: idAuthor[4]
2017-02-14 16:56:22,127 Query.selectAuthor (131) DEBUG SELECT   ID as id,   user_login as login,   user_nicename as nicename,   user_email as email,   display_name FROM wp_users WHERE ID = :idAuthor AND user_status = 0  
2017-02-14 16:56:22,127 Query.selectAuthor (146) DEBUG Number of records found:[1]
2017-02-14 16:56:22,127 Query.selectPostMeta (152) DEBUG parameters: idPost[11378]
2017-02-14 16:56:22,127 Query.selectPostMeta (165) DEBUG SELECT   meta_id as id,   post_id as idPost,   meta_key,   meta_value as value FROM wp_postmeta WHERE post_id = :idPost  
2017-02-14 16:56:22,127 Query.selectPostMeta (180) DEBUG Number of records found:[22]
2017-02-14 16:56:22,128 Query.selectAuthor (116) DEBUG parameters: idAuthor[4]
2017-02-14 16:56:22,128 Query.selectAuthor (131) DEBUG SELECT   ID as id,   user_login as login,   user_nicename as nicename,   user_email as email,   display_name FROM wp_users WHERE ID = :idAuthor AND user_status = 0  
2017-02-14 16:56:22,128 Query.selectAuthor (146) DEBUG Number of records found:[1]
2017-02-14 16:56:22,128 Query.selectPostMeta (152) DEBUG parameters: idPost[11382]
2017-02-14 16:56:22,128 Query.selectPostMeta (165) DEBUG SELECT   meta_id as id,   post_id as idPost,   meta_key,   meta_value as value FROM wp_postmeta WHERE post_id = :idPost  
2017-02-14 16:56:22,128 Query.selectPostMeta (180) DEBUG Number of records found:[22]
2017-02-14 16:56:22,128 Query.selectAuthor (116) DEBUG parameters: idAuthor[4]
2017-02-14 16:56:22,128 Query.selectAuthor (131) DEBUG SELECT   ID as id,   user_login as login,   user_nicename as nicename,   user_email as email,   display_name FROM wp_users WHERE ID = :idAuthor AND user_status = 0  
2017-02-14 16:56:22,128 Query.selectAuthor (146) DEBUG Number of records found:[1]
2017-02-14 16:56:22,128 Query.selectPostMeta (152) DEBUG parameters: idPost[11386]
2017-02-14 16:56:22,129 Query.selectPostMeta (165) DEBUG SELECT   meta_id as id,   post_id as idPost,   meta_key,   meta_value as value FROM wp_postmeta WHERE post_id = :idPost  
2017-02-14 16:56:22,129 Query.selectPostMeta (180) DEBUG Number of records found:[20]
2017-02-14 16:56:22,129 Query.selectAuthor (116) DEBUG parameters: idAuthor[4]
2017-02-14 16:56:22,129 Query.selectAuthor (131) DEBUG SELECT   ID as id,   user_login as login,   user_nicename as nicename,   user_email as email,   display_name FROM wp_users WHERE ID = :idAuthor AND user_status = 0  
2017-02-14 16:56:22,129 Query.selectAuthor (146) DEBUG Number of records found:[1]
2017-02-14 16:56:22,129 Query.selectPostMeta (152) DEBUG parameters: idPost[11417]
2017-02-14 16:56:22,129 Query.selectPostMeta (165) DEBUG SELECT   meta_id as id,   post_id as idPost,   meta_key,   meta_value as value FROM wp_postmeta WHERE post_id = :idPost  
2017-02-14 16:56:22,130 Query.selectPostMeta (180) DEBUG Number of records found:[20]
2017-02-14 16:56:22,130 Query.selectAuthor (116) DEBUG parameters: idAuthor[4]
2017-02-14 16:56:22,130 Query.selectAuthor (131) DEBUG SELECT   ID as id,   user_login as login,   user_nicename as nicename,   user_email as email,   display_name FROM wp_users WHERE ID = :idAuthor AND user_status = 0  
2017-02-14 16:56:22,130 Query.selectAuthor (146) DEBUG Number of records found:[1]
2017-02-14 16:56:22,130 Query.selectPostMeta (152) DEBUG parameters: idPost[11423]
2017-02-14 16:56:22,130 Query.selectPostMeta (165) DEBUG SELECT   meta_id as id,   post_id as idPost,   meta_key,   meta_value as value FROM wp_postmeta WHERE post_id = :idPost  
2017-02-14 16:56:22,130 Query.selectPostMeta (180) DEBUG Number of records found:[20]
2017-02-14 16:56:22,130 Query.selectAuthor (116) DEBUG parameters: idAuthor[4]
2017-02-14 16:56:22,130 Query.selectAuthor (131) DEBUG SELECT   ID as id,   user_login as login,   user_nicename as nicename,   user_email as email,   display_name FROM wp_users WHERE ID = :idAuthor AND user_status = 0  
2017-02-14 16:56:22,130 Query.selectAuthor (146) DEBUG Number of records found:[1]
2017-02-14 16:56:22,131 Query.selectPostMeta (152) DEBUG parameters: idPost[11501]
2017-02-14 16:56:22,131 Query.selectPostMeta (165) DEBUG SELECT   meta_id as id,   post_id as idPost,   meta_key,   meta_value as value FROM wp_postmeta WHERE post_id = :idPost  
2017-02-14 16:56:22,131 Query.selectPostMeta (180) DEBUG Number of records found:[23]
2017-02-14 16:56:22,131 Query.selectAuthor (116) DEBUG parameters: idAuthor[4]
2017-02-14 16:56:22,131 Query.selectAuthor (131) DEBUG SELECT   ID as id,   user_login as login,   user_nicename as nicename,   user_email as email,   display_name FROM wp_users WHERE ID = :idAuthor AND user_status = 0  
2017-02-14 16:56:22,131 Query.selectAuthor (146) DEBUG Number of records found:[1]
2017-02-14 16:56:22,131 Query.selectPostMeta (152) DEBUG parameters: idPost[11513]
2017-02-14 16:56:22,131 Query.selectPostMeta (165) DEBUG SELECT   meta_id as id,   post_id as idPost,   meta_key,   meta_value as value FROM wp_postmeta WHERE post_id = :idPost  
2017-02-14 16:56:22,132 Query.selectPostMeta (180) DEBUG Number of records found:[21]
2017-02-14 16:56:22,132 Query.selectAuthor (116) DEBUG parameters: idAuthor[4]
2017-02-14 16:56:22,132 Query.selectAuthor (131) DEBUG SELECT   ID as id,   user_login as login,   user_nicename as nicename,   user_email as email,   display_name FROM wp_users WHERE ID = :idAuthor AND user_status = 0  
2017-02-14 16:56:22,132 Query.selectAuthor (146) DEBUG Number of records found:[1]
2017-02-14 17:02:29,899 News.getNewsFromAuthor (79) INFO  parameters: startDate[01/01/2016], endDate[01/03/2017], limit[asd], offset[0], idAuthor[4]
2017-02-14 17:06:59,997 News.getNewsFromAuthor (77) INFO  parameters: startDate[01/01/2016], endDate[01/03/2017], limit[asd], offset[0], idAuthor[4]
2017-02-14 17:07:09,207 News.getNewsFromAuthor (77) INFO  parameters: startDate[01/01/2016], endDate[01/03/2017], limit[1], offset[0], idAuthor[4]
2017-02-14 17:07:09,207 DataBaseConnection.__construct (36) DEBUG DataBase connection successful
2017-02-14 17:07:09,207 Query.selectPostFromAuthor (186) DEBUG parameters: startDate[01/01/2016], endDate[01/03/2017], limit[1], offset[0], idAuthor[4]
2017-02-14 17:07:09,207 Query.selectPostFromAuthor (237) DEBUG SELECT   p.ID as id,   p.post_title as title,   p.post_author as id_author,   p.post_content as content,   p.post_date as date,   p.post_date_gmt as date_gmt,   p.post_status as status,   p.post_type as type,   p.post_name as name,   p.post_parent as id_parent,   p.guid as guid,   p.post_mime_type as mime_type,   p.post_modified as modified,   p.post_modified_gmt as modified_gmt,   ter.name as category FROM wp_posts p   INNER JOIN wp_term_relationships rel ON (p.ID = rel.object_id)   INNER JOIN wp_term_taxonomy tax ON tax.term_taxonomy_id = rel.term_taxonomy_id   INNER JOIN wp_terms ter ON ter.term_id = tax.term_id WHERE DATE(p.post_date) >= STR_TO_DATE(:startDate, '%d/%m/%Y')       AND DATE(p.post_date) <= STR_TO_DATE(:endDate, '%d/%m/%Y')       AND p.post_status = 'publish'     AND p.post_type = 'post'     AND p.post_author = :idAuthor LIMIT :limit OFFSET :offset 
2017-02-14 17:07:09,321 Query.selectPostFromAuthor (259) DEBUG Number of records found:[1]
2017-02-14 17:07:09,322 Query.selectPostMeta (152) DEBUG parameters: idPost[11365]
2017-02-14 17:07:09,322 Query.selectPostMeta (165) DEBUG SELECT   meta_id as id,   post_id as idPost,   meta_key,   meta_value as value FROM wp_postmeta WHERE post_id = :idPost  
2017-02-14 17:07:09,322 Query.selectPostMeta (180) DEBUG Number of records found:[23]
2017-02-14 17:07:09,322 Query.selectAuthor (116) DEBUG parameters: idAuthor[4]
2017-02-14 17:07:09,323 Query.selectAuthor (131) DEBUG SELECT   ID as id,   user_login as login,   user_nicename as nicename,   user_email as email,   display_name FROM wp_users WHERE ID = :idAuthor AND user_status = 0  
2017-02-14 17:07:09,323 Query.selectAuthor (146) DEBUG Number of records found:[1]
2017-02-14 17:11:44,760 News.getNewsFromCategory (27) INFO  parameters: startDate[01/01/2016], endDate[01/03/2017], limit[1], offset[0], category[EXTERNO]
2017-02-14 17:11:44,760 DataBaseConnection.__construct (36) DEBUG DataBase connection successful
2017-02-14 17:11:44,761 Query.selectPostFromCategory (36) DEBUG parameters: startDate[01/01/2016], endDate[01/03/2017], limit[1], offset[0], category[EXTERNO]
2017-02-14 17:11:44,761 Query.selectPostFromCategory (87) DEBUG SELECT   p.ID as id,   p.post_title as title,   p.post_author as id_author,   p.post_content as content,   p.post_date as date,   p.post_date_gmt as date_gmt,   p.post_status as status,   p.post_type as type,   p.post_name as name,   p.post_parent as id_parent,   p.guid as guid,   p.post_mime_type as mime_type,   p.post_modified as modified,   p.post_modified_gmt as modified_gmt,   ter.name as category FROM wp_posts p   INNER JOIN wp_term_relationships rel ON (p.ID = rel.object_id)   INNER JOIN wp_term_taxonomy tax ON tax.term_taxonomy_id = rel.term_taxonomy_id   INNER JOIN wp_terms ter ON ter.term_id = tax.term_id WHERE DATE(p.post_date) >= STR_TO_DATE(:startDate, '%d/%m/%Y')       AND DATE(p.post_date) <= STR_TO_DATE(:endDate, '%d/%m/%Y')       AND p.post_status = 'publish'     AND p.post_type = 'post'     AND ter.name = :category LIMIT :limit OFFSET :offset 
2017-02-14 17:11:44,762 Query.selectPostFromCategory (110) DEBUG Number of records found:[1]
2017-02-14 17:11:44,762 Query.selectPostMeta (152) DEBUG parameters: idPost[16753]
2017-02-14 17:11:44,762 Query.selectPostMeta (165) DEBUG SELECT   meta_id as id,   post_id as idPost,   meta_key,   meta_value as value FROM wp_postmeta WHERE post_id = :idPost  
2017-02-14 17:11:44,763 Query.selectPostMeta (180) DEBUG Number of records found:[3]
2017-02-14 17:11:44,763 Query.selectAuthor (116) DEBUG parameters: idAuthor[4]
2017-02-14 17:11:44,763 Query.selectAuthor (131) DEBUG SELECT   ID as id,   user_login as login,   user_nicename as nicename,   user_email as email,   display_name FROM wp_users WHERE ID = :idAuthor AND user_status = 0  
2017-02-14 17:11:44,764 Query.selectAuthor (146) DEBUG Number of records found:[1]
2017-02-14 17:11:44,764 Retriever.embedly (99) DEBUG content is a validated url [http://www.latercera.com/noticia/inflacion-registro-aumento-05-enero/]
2017-02-14 17:11:44,764 Embedly.getResponse (89) INFO  URL to Api: http://api.embedly.com/1/oembed?urls=http%3A%2F%2Fwww.latercera.com%2Fnoticia%2Finflacion-registro-aumento-05-enero%2F&key=8119dab982524714a5f8660d46ec61f8
2017-02-14 17:11:45,206 Retriever.embedly (103) DEBUG Array
(
    [0] => Array
        (
            [provider_url] => http://www.latercera.com
            [description] => El Indice de Precios al Consumidor (IPC) registró un alza de 0,5% en enero, acumulando un aumento de 2,8% en doce meses, informó este miércoles el Instituto Nacional de Estadísticas (INE). La variación se ubicó sobre las expectativas de los analistas que habían apostado por un incremento de 0,2% para la inflación en el primer mes del año.
            [title] => Inflación subió 0,5% en enero y se ubicó sobre las expectativas - LA TERCERA
            [thumbnail_width] => 1400
            [url] => http://www.latercera.com/noticia/inflacion-registro-aumento-05-enero/
            [thumbnail_url] => http://d2vpb0i3hb2k8a.cloudfront.net/wp-content/uploads/sites/7/2016/12/07/comercio-2.jpg
            [version] => 1.0
            [provider_name] => La Tercera
            [type] => link
            [thumbnail_height] => 657
        )

)

2017-02-14 17:11:51,342 News.getNewsFromCategory (27) INFO  parameters: startDate[01/01/2016], endDate[01/03/2017], limit[-4], offset[0], category[EXTERNO]
2017-02-14 17:21:38,437 News.getNewsFromCategory (27) INFO  parameters: startDate[01/01/2016], endDate[01/03/2017], limit[-4], offset[0], category[EXTERNO]
2017-02-14 17:22:18,176 News.getNewsFromCategory (27) INFO  parameters: startDate[01/01/2016], endDate[01/03/2017], limit[-4], offset[0], category[EXTERNO]
2017-02-14 17:31:46,520 News.getNewsFromCategory (27) INFO  parameters: startDate[01/01/2016], endDate[01/03/2017], limit[0], offset[0], category[EXTERNO]
2017-02-14 17:31:46,521 DataBaseConnection.__construct (36) DEBUG DataBase connection successful
2017-02-14 17:31:46,521 Query.selectPostFromCategory (36) DEBUG parameters: startDate[01/01/2016], endDate[01/03/2017], limit[0], offset[0], category[EXTERNO]
2017-02-14 17:31:46,521 Query.selectPostFromCategory (87) DEBUG SELECT   p.ID as id,   p.post_title as title,   p.post_author as id_author,   p.post_content as content,   p.post_date as date,   p.post_date_gmt as date_gmt,   p.post_status as status,   p.post_type as type,   p.post_name as name,   p.post_parent as id_parent,   p.guid as guid,   p.post_mime_type as mime_type,   p.post_modified as modified,   p.post_modified_gmt as modified_gmt,   ter.name as category FROM wp_posts p   INNER JOIN wp_term_relationships rel ON (p.ID = rel.object_id)   INNER JOIN wp_term_taxonomy tax ON tax.term_taxonomy_id = rel.term_taxonomy_id   INNER JOIN wp_terms ter ON ter.term_id = tax.term_id WHERE DATE(p.post_date) >= STR_TO_DATE(:startDate, '%d/%m/%Y')       AND DATE(p.post_date) <= STR_TO_DATE(:endDate, '%d/%m/%Y')       AND p.post_status = 'publish'     AND p.post_type = 'post'     AND ter.name = :category LIMIT :limit OFFSET :offset 
2017-02-14 17:31:46,521 Query.selectPostFromCategory (110) DEBUG Number of records found:[0]
